c:\users\coolk\documents\git-projects\invaders\sfmlconsoleapplication\debug\vc142.pdb
c:\users\coolk\documents\git-projects\invaders\sfmlconsoleapplication\debug\vc142.idb
c:\users\coolk\documents\git-projects\invaders\sfmlconsoleapplication\debug\textureresource.obj
c:\users\coolk\documents\git-projects\invaders\sfmlconsoleapplication\debug\shipentity.obj
c:\users\coolk\documents\git-projects\invaders\sfmlconsoleapplication\debug\main.obj
c:\users\coolk\documents\git-projects\invaders\sfmlconsoleapplication\debug\invaderentity.obj
c:\users\coolk\documents\git-projects\invaders\sfmlconsoleapplication\debug\game.obj
c:\users\coolk\documents\git-projects\invaders\sfmlconsoleapplication\debug\explosionentity.obj
c:\users\coolk\documents\git-projects\invaders\sfmlconsoleapplication\debug\entity.obj
c:\users\coolk\documents\git-projects\invaders\sfmlconsoleapplication\debug\bulletentity.obj
c:\users\coolk\documents\git-projects\invaders\sfmlconsoleapplication\debug\pickupentity.obj
c:\users\coolk\documents\git-projects\invaders\debug\sfmlconsoleapplication.exe
c:\users\coolk\documents\git-projects\invaders\debug\sfmlconsoleapplication.ilk
c:\users\coolk\documents\git-projects\invaders\debug\sfmlconsoleapplication.pdb
c:\users\coolk\documents\git-projects\invaders\sfmlconsoleapplication\debug\sfmlcons.d1106a28.tlog\cl.command.1.tlog
c:\users\coolk\documents\git-projects\invaders\sfmlconsoleapplication\debug\sfmlcons.d1106a28.tlog\cl.read.1.tlog
c:\users\coolk\documents\git-projects\invaders\sfmlconsoleapplication\debug\sfmlcons.d1106a28.tlog\cl.write.1.tlog
c:\users\coolk\documents\git-projects\invaders\sfmlconsoleapplication\debug\sfmlcons.d1106a28.tlog\link.command.1.tlog
c:\users\coolk\documents\git-projects\invaders\sfmlconsoleapplication\debug\sfmlcons.d1106a28.tlog\link.read.1.tlog
c:\users\coolk\documents\git-projects\invaders\sfmlconsoleapplication\debug\sfmlcons.d1106a28.tlog\link.write.1.tlog
